<?xml version="1.0" encoding="UTF-8"?>
<testsuite xmlns:xsi="http://www.w3.org/2001/XMLSchema-instance" xsi:noNamespaceSchemaLocation="https://maven.apache.org/surefire/maven-surefire-plugin/xsd/surefire-test-report.xsd" name="ru.molokoin.AppTest" time="0.217" tests="1" errors="0" skipped="0" failures="0">
  <properties>
    <property name="java.specification.version" value="20"/>
    <property name="sun.cpu.isalist" value="amd64"/>
    <property name="sun.jnu.encoding" value="Cp1251"/>
    <property name="java.class.path" value="C:\Users\Strannik\Documents\esoe\code\j210_rest_client\target\test-classes;C:\Users\Strannik\Documents\esoe\code\j210_rest_client\target\classes;C:\Users\Strannik\.m2\repository\jakarta\xml\bind\jakarta.xml.bind-api\4.0.0\jakarta.xml.bind-api-4.0.0.jar;C:\Users\Strannik\.m2\repository\jakarta\activation\jakarta.activation-api\2.1.0\jakarta.activation-api-2.1.0.jar;C:\Users\Strannik\.m2\repository\org\glassfish\jersey\core\jersey-client\3.0.2\jersey-client-3.0.2.jar;C:\Users\Strannik\.m2\repository\jakarta\ws\rs\jakarta.ws.rs-api\3.0.0\jakarta.ws.rs-api-3.0.0.jar;C:\Users\Strannik\.m2\repository\org\glassfish\jersey\core\jersey-common\3.0.2\jersey-common-3.0.2.jar;C:\Users\Strannik\.m2\repository\jakarta\annotation\jakarta.annotation-api\2.0.0\jakarta.annotation-api-2.0.0.jar;C:\Users\Strannik\.m2\repository\org\glassfish\hk2\osgi-resource-locator\1.0.3\osgi-resource-locator-1.0.3.jar;C:\Users\Strannik\.m2\repository\jakarta\inject\jakarta.inject-api\2.0.0\jakarta.inject-api-2.0.0.jar;C:\Users\Strannik\.m2\repository\org\glassfish\jersey\inject\jersey-hk2\3.0.2\jersey-hk2-3.0.2.jar;C:\Users\Strannik\.m2\repository\org\glassfish\hk2\hk2-locator\3.0.1\hk2-locator-3.0.1.jar;C:\Users\Strannik\.m2\repository\org\glassfish\hk2\external\aopalliance-repackaged\3.0.1\aopalliance-repackaged-3.0.1.jar;C:\Users\Strannik\.m2\repository\org\glassfish\hk2\hk2-api\3.0.1\hk2-api-3.0.1.jar;C:\Users\Strannik\.m2\repository\org\glassfish\hk2\hk2-utils\3.0.1\hk2-utils-3.0.1.jar;C:\Users\Strannik\.m2\repository\org\javassist\javassist\3.25.0-GA\javassist-3.25.0-GA.jar;C:\Users\Strannik\.m2\repository\junit\junit\4.11\junit-4.11.jar;C:\Users\Strannik\.m2\repository\org\hamcrest\hamcrest-core\1.3\hamcrest-core-1.3.jar;"/>
    <property name="java.vm.vendor" value="Eclipse Adoptium"/>
    <property name="sun.arch.data.model" value="64"/>
    <property name="user.variant" value=""/>
    <property name="java.vendor.url" value="https://adoptium.net/"/>
    <property name="user.timezone" value="Europe/Moscow"/>
    <property name="os.name" value="Windows 10"/>
    <property name="java.vm.specification.version" value="20"/>
    <property name="sun.java.launcher" value="SUN_STANDARD"/>
    <property name="user.country" value="RU"/>
    <property name="sun.boot.library.path" value="C:\Program Files\Eclipse Adoptium\jre-20.0.1.9-hotspot\bin"/>
    <property name="sun.java.command" value="C:\Users\Strannik\AppData\Local\Temp\surefire17794025010967502080\surefirebooter7917145756738765838.jar C:\Users\Strannik\AppData\Local\Temp\surefire17794025010967502080 2023-06-13T16-08-58_814-jvmRun1 surefire2406138166706706198tmp surefire_013735653573730586131tmp"/>
    <property name="jdk.debug" value="release"/>
    <property name="surefire.test.class.path" value="C:\Users\Strannik\Documents\esoe\code\j210_rest_client\target\test-classes;C:\Users\Strannik\Documents\esoe\code\j210_rest_client\target\classes;C:\Users\Strannik\.m2\repository\jakarta\xml\bind\jakarta.xml.bind-api\4.0.0\jakarta.xml.bind-api-4.0.0.jar;C:\Users\Strannik\.m2\repository\jakarta\activation\jakarta.activation-api\2.1.0\jakarta.activation-api-2.1.0.jar;C:\Users\Strannik\.m2\repository\org\glassfish\jersey\core\jersey-client\3.0.2\jersey-client-3.0.2.jar;C:\Users\Strannik\.m2\repository\jakarta\ws\rs\jakarta.ws.rs-api\3.0.0\jakarta.ws.rs-api-3.0.0.jar;C:\Users\Strannik\.m2\repository\org\glassfish\jersey\core\jersey-common\3.0.2\jersey-common-3.0.2.jar;C:\Users\Strannik\.m2\repository\jakarta\annotation\jakarta.annotation-api\2.0.0\jakarta.annotation-api-2.0.0.jar;C:\Users\Strannik\.m2\repository\org\glassfish\hk2\osgi-resource-locator\1.0.3\osgi-resource-locator-1.0.3.jar;C:\Users\Strannik\.m2\repository\jakarta\inject\jakarta.inject-api\2.0.0\jakarta.inject-api-2.0.0.jar;C:\Users\Strannik\.m2\repository\org\glassfish\jersey\inject\jersey-hk2\3.0.2\jersey-hk2-3.0.2.jar;C:\Users\Strannik\.m2\repository\org\glassfish\hk2\hk2-locator\3.0.1\hk2-locator-3.0.1.jar;C:\Users\Strannik\.m2\repository\org\glassfish\hk2\external\aopalliance-repackaged\3.0.1\aopalliance-repackaged-3.0.1.jar;C:\Users\Strannik\.m2\repository\org\glassfish\hk2\hk2-api\3.0.1\hk2-api-3.0.1.jar;C:\Users\Strannik\.m2\repository\org\glassfish\hk2\hk2-utils\3.0.1\hk2-utils-3.0.1.jar;C:\Users\Strannik\.m2\repository\org\javassist\javassist\3.25.0-GA\javassist-3.25.0-GA.jar;C:\Users\Strannik\.m2\repository\junit\junit\4.11\junit-4.11.jar;C:\Users\Strannik\.m2\repository\org\hamcrest\hamcrest-core\1.3\hamcrest-core-1.3.jar;"/>
    <property name="sun.cpu.endian" value="little"/>
    <property name="user.home" value="C:\Users\Strannik"/>
    <property name="user.language" value="ru"/>
    <property name="java.specification.vendor" value="Oracle Corporation"/>
    <property name="java.version.date" value="2023-04-18"/>
    <property name="java.home" value="C:\Program Files\Eclipse Adoptium\jre-20.0.1.9-hotspot"/>
    <property name="file.separator" value="\"/>
    <property name="basedir" value="C:\Users\Strannik\Documents\esoe\code\j210_rest_client"/>
    <property name="java.vm.compressedOopsMode" value="Zero based"/>
    <property name="line.separator" value="&#10;"/>
    <property name="java.vm.specification.vendor" value="Oracle Corporation"/>
    <property name="java.specification.name" value="Java Platform API Specification"/>
    <property name="surefire.real.class.path" value="C:\Users\Strannik\AppData\Local\Temp\surefire17794025010967502080\surefirebooter7917145756738765838.jar"/>
    <property name="user.script" value=""/>
    <property name="sun.management.compiler" value="HotSpot 64-Bit Tiered Compilers"/>
    <property name="java.runtime.version" value="20.0.1+9"/>
    <property name="user.name" value="Strannik"/>
    <property name="stdout.encoding" value="Cp1251"/>
    <property name="path.separator" value=";"/>
    <property name="os.version" value="10.0"/>
    <property name="java.runtime.name" value="OpenJDK Runtime Environment"/>
    <property name="file.encoding" value="UTF-8"/>
    <property name="java.vm.name" value="OpenJDK 64-Bit Server VM"/>
    <property name="java.vendor.version" value="Temurin-20.0.1+9"/>
    <property name="localRepository" value="C:\Users\Strannik\.m2\repository"/>
    <property name="java.vendor.url.bug" value="https://github.com/adoptium/adoptium-support/issues"/>
    <property name="java.io.tmpdir" value="C:\Users\Strannik\AppData\Local\Temp\"/>
    <property name="java.version" value="20.0.1"/>
    <property name="user.dir" value="C:\Users\Strannik\Documents\esoe\code\j210_rest_client"/>
    <property name="os.arch" value="amd64"/>
    <property name="java.vm.specification.name" value="Java Virtual Machine Specification"/>
    <property name="sun.os.patch.level" value=""/>
    <property name="native.encoding" value="Cp1251"/>
    <property name="java.library.path" value="C:\Program Files\Eclipse Adoptium\jre-20.0.1.9-hotspot\bin;C:\Windows\Sun\Java\bin;C:\Windows\system32;C:\Windows;C:\Program Files\Eclipse Adoptium\jre-20.0.1.9-hotspot\bin;C:\Python311\Scripts\;C:\Python311\;C:\Program Files\Common Files\Oracle\Java\javapath;C:\Windows\system32;C:\Windows;C:\Windows\System32\Wbem;C:\Windows\System32\WindowsPowerShell\v1.0\;C:\Windows\System32\OpenSSH\;C:\Program Files\Microsoft SQL Server\120\Tools\Binn\;C:\Program Files\nodejs\;C:\ProgramData\chocolatey\bin;C:\Program Files\maven\apache-maven-3.8.5\bin;C:\Program Files (x86)\MySQL\Connector J 8.0;C:\Program Files\Git\cmd;C:\Program Files\Pandoc\;C:\Program Files\MiKTeX\miktex\bin\x64\;C:\Program Files\PuTTY\;C:\Users\Strannik\AppData\Local\Microsoft\WindowsApps;C:\Users\Strannik\AppData\Local\Programs\Microsoft VS Code\bin;C:\Program Files\JetBrains\IntelliJ IDEA Community Edition 2021.3.2\bin;;C:\Users\Strannik\AppData\Roaming\npm;C:\Program Files\maven\apache-maven-3.8.5\bin;C:\Program Files\Java\jdk-17.0.2\bin;;."/>
    <property name="java.vm.info" value="mixed mode, sharing"/>
    <property name="stderr.encoding" value="Cp1251"/>
    <property name="java.vendor" value="Eclipse Adoptium"/>
    <property name="java.vm.version" value="20.0.1+9"/>
    <property name="sun.io.unicode.encoding" value="UnicodeLittle"/>
    <property name="java.class.version" value="64.0"/>
  </properties>
  <testcase name="shouldAnswerWithTrue" classname="ru.molokoin.AppTest" time="0.013"/>
</testsuite>